<?xml version="1.0" encoding="UTF-8" standalone="yes"?>
<testsuites name="API Service Test Suite" time="9" tests="2" failures="0" errors="0">
    <testsuite name="API Service Test Suite" tests="2" failures="0" errors="0" time="9" timestamp="2019-10-18 21:51:24" hostname="BaPpY - 192.168.0.108" id="Test Suites/REST API Services Suites/API Service Test Suite">
        <properties>
            <property name="deviceName" value=""/>
            <property name="devicePlatform" value=""/>
            <property name="logFolder" value="G:\\Katalon Studio\\Katalon Workspace\\REST API Web Services Example\\Reports\\20191018_215121\\REST API Services Suites\\API Service Test Suite\\20191018_215121"/>
            <property name="logFiles" value="G:\\Katalon Studio\\Katalon Workspace\\REST API Web Services Example\\Reports\\20191018_215121\\REST API Services Suites\\API Service Test Suite\\20191018_215121\\execution0.log"/>
            <property name="attachments" value=""/>
            <property name="hostName" value="BaPpY - 192.168.0.108"/>
            <property name="hostAddress" value="192.168.0.108"/>
            <property name="os" value="Windows 10 64bit"/>
            <property name="katalonVersion" value="6.3.3.11"/>
        </properties>
        <testcase name="Test Cases/REST API/API Chaining Example Test Case" classname="Test Cases/REST API/API Chaining Example Test Case" status="PASSED">
            <system-out>2019-10-18 21:51:25 - [TEST_CASE][PASSED] - Test Cases/REST API/API Chaining Example Test Case: Test Cases/REST API/API Chaining Example Test Case&#xD;
&#xD;
2019-10-18 21:51:25 - [TEST_STEP][PASSED] - usersList = sendRequest(findTestObject("REST API Web Service/List Users")): Send request successfully&#xD;
&#xD;
2019-10-18 21:51:27 - [MESSAGE][INFO] - HAR: G:\Katalon Studio\Katalon Workspace\REST API Web Services Example\Reports\20191018_215121\REST API Services Suites\API Service Test Suite\20191018_215121\requests\main\0.har&#xD;
&#xD;
2019-10-18 21:51:27 - [MESSAGE][PASSED] - Send request successfully&#xD;
&#xD;
2019-10-18 21:51:27 - [TEST_STEP][PASSED] - usersListJsonSlurper = new groovy.json.JsonSlurper(): null&#xD;
&#xD;
2019-10-18 21:51:27 - [TEST_STEP][PASSED] - usersListResponseResult = usersListJsonSlurper.parseText(usersList.getResponseBodyContent()): null&#xD;
&#xD;
2019-10-18 21:51:27 - [TEST_STEP][PASSED] - extractedUserResultValue = first_name: null&#xD;
&#xD;
2019-10-18 21:51:27 - [TEST_STEP][PASSED] - println("User Found : " + extractedUserResultValue): null&#xD;
&#xD;
2019-10-18 21:51:27 - [TEST_STEP][PASSED] - USER_NAME = extractedUserResultValue: null&#xD;
&#xD;
2019-10-18 21:51:27 - [TEST_STEP][PASSED] - println("User Found : " + USER_NAME): null&#xD;
&#xD;
2019-10-18 21:51:27 - [TEST_STEP][PASSED] - sendRequestAndVerify(findTestObject("REST API Web Service/Update User", ["userName":USER_NAME])): Send request and verify the response successfully&#xD;
&#xD;
2019-10-18 21:51:28 - [MESSAGE][INFO] - HAR: G:\Katalon Studio\Katalon Workspace\REST API Web Services Example\Reports\20191018_215121\REST API Services Suites\API Service Test Suite\20191018_215121\requests\main\1.har&#xD;
&#xD;
2019-10-18 21:51:28 - [TEST_CASE][PASSED] - Start Test Case : Verification: Verification accomplished successfully&#xD;
&#xD;
2019-10-18 21:51:29 - [TEST_STEP][PASSED] - request = getInstance().getCurrentRequest(): null&#xD;
&#xD;
2019-10-18 21:51:29 - [TEST_STEP][PASSED] - response = getInstance().getCurrentResponse(): null&#xD;
&#xD;
2019-10-18 21:51:29 - [TEST_STEP][PASSED] - verifyElementPropertyValue(response, "name", "Lindsay"): Verify element property value successfully&#xD;
&#xD;
2019-10-18 21:51:29 - [MESSAGE][PASSED] - Verify element property value successfully&#xD;
&#xD;
2019-10-18 21:51:29 - [MESSAGE][PASSED] - Verify response successfully&#xD;
&#xD;
2019-10-18 21:51:29 - [MESSAGE][PASSED] - Send request and verify the response successfully&#xD;
&#xD;
2019-10-18 21:51:29 - [TEST_STEP][PASSED] - sendRequest(findTestObject("REST API Web Service/Update User", ["userName":extractedUserResultValue])): Send request successfully&#xD;
&#xD;
2019-10-18 21:51:30 - [MESSAGE][INFO] - HAR: G:\Katalon Studio\Katalon Workspace\REST API Web Services Example\Reports\20191018_215121\REST API Services Suites\API Service Test Suite\20191018_215121\requests\main\2.har&#xD;
&#xD;
2019-10-18 21:51:30 - [MESSAGE][PASSED] - Send request successfully&#xD;
&#xD;
2019-10-18 21:51:30 - [TEST_STEP][PASSED] - sendRequest(findTestObject("REST API Web Service/Update User", ["userName":"Bappy"])): Send request successfully&#xD;
&#xD;
2019-10-18 21:51:31 - [MESSAGE][INFO] - HAR: G:\Katalon Studio\Katalon Workspace\REST API Web Services Example\Reports\20191018_215121\REST API Services Suites\API Service Test Suite\20191018_215121\requests\main\3.har&#xD;
&#xD;
2019-10-18 21:51:31 - [MESSAGE][PASSED] - Send request successfully</system-out>
            <system-err></system-err>
        </testcase>
        <testcase name="Test Cases/REST API/API Service Example Test Case" classname="Test Cases/REST API/API Service Example Test Case" status="PASSED">
            <system-out>2019-10-18 21:51:31 - [TEST_CASE][PASSED] - Test Cases/REST API/API Service Example Test Case: Test Cases/REST API/API Service Example Test Case&#xD;
&#xD;
2019-10-18 21:51:31 - [TEST_STEP][PASSED] - sendRequest(findTestObject("REST API Web Service/List Users")): Send request successfully&#xD;
&#xD;
2019-10-18 21:51:31 - [MESSAGE][INFO] - HAR: G:\Katalon Studio\Katalon Workspace\REST API Web Services Example\Reports\20191018_215121\REST API Services Suites\API Service Test Suite\20191018_215121\requests\main\4.har&#xD;
&#xD;
2019-10-18 21:51:31 - [MESSAGE][PASSED] - Send request successfully&#xD;
&#xD;
2019-10-18 21:51:31 - [TEST_STEP][PASSED] - sendRequestAndVerify(findTestObject("REST API Web Service/List Users")): Send request and verify the response successfully&#xD;
&#xD;
2019-10-18 21:51:32 - [MESSAGE][INFO] - HAR: G:\Katalon Studio\Katalon Workspace\REST API Web Services Example\Reports\20191018_215121\REST API Services Suites\API Service Test Suite\20191018_215121\requests\main\5.har&#xD;
&#xD;
2019-10-18 21:51:32 - [TEST_CASE][PASSED] - Start Test Case : Verification: Verification accomplished successfully&#xD;
&#xD;
2019-10-18 21:51:32 - [TEST_STEP][PASSED] - request = getInstance().getCurrentRequest(): null&#xD;
&#xD;
2019-10-18 21:51:32 - [TEST_STEP][PASSED] - response = getInstance().getCurrentResponse(): null&#xD;
&#xD;
2019-10-18 21:51:32 - [TEST_STEP][PASSED] - verifyElementPropertyValue(response, "data[1].first_name", "Lindsay"): Verify element property value successfully&#xD;
&#xD;
2019-10-18 21:51:32 - [MESSAGE][PASSED] - Verify element property value successfully&#xD;
&#xD;
2019-10-18 21:51:32 - [TEST_STEP][PASSED] - verifyElementPropertyValue(response, "data[3].last_name", "Fields"): Verify element property value successfully&#xD;
&#xD;
2019-10-18 21:51:32 - [MESSAGE][PASSED] - Verify element property value successfully&#xD;
&#xD;
2019-10-18 21:51:32 - [TEST_STEP][PASSED] - verifyElementPropertyValue(response, "data[1].email", "lindsay.ferguson@reqres.in"): Verify element property value successfully&#xD;
&#xD;
2019-10-18 21:51:32 - [MESSAGE][PASSED] - Verify element property value successfully&#xD;
&#xD;
2019-10-18 21:51:32 - [TEST_STEP][PASSED] - verifyElementPropertyValue(response, "data[4].id", 11): Verify element property value successfully&#xD;
&#xD;
2019-10-18 21:51:32 - [MESSAGE][PASSED] - Verify element property value successfully&#xD;
&#xD;
2019-10-18 21:51:32 - [MESSAGE][PASSED] - Verify response successfully&#xD;
&#xD;
2019-10-18 21:51:32 - [MESSAGE][PASSED] - Send request and verify the response successfully&#xD;
&#xD;
2019-10-18 21:51:32 - [TEST_STEP][PASSED] - sendRequest(findTestObject("REST API Web Service/Create User")): Send request successfully&#xD;
&#xD;
2019-10-18 21:51:33 - [MESSAGE][INFO] - HAR: G:\Katalon Studio\Katalon Workspace\REST API Web Services Example\Reports\20191018_215121\REST API Services Suites\API Service Test Suite\20191018_215121\requests\main\6.har&#xD;
&#xD;
2019-10-18 21:51:33 - [MESSAGE][PASSED] - Send request successfully&#xD;
&#xD;
2019-10-18 21:51:33 - [TEST_STEP][PASSED] - sendRequestAndVerify(findTestObject("REST API Web Service/Create User")): Send request and verify the response successfully&#xD;
&#xD;
2019-10-18 21:51:34 - [MESSAGE][INFO] - HAR: G:\Katalon Studio\Katalon Workspace\REST API Web Services Example\Reports\20191018_215121\REST API Services Suites\API Service Test Suite\20191018_215121\requests\main\7.har&#xD;
&#xD;
2019-10-18 21:51:34 - [TEST_CASE][PASSED] - Start Test Case : Verification: Verification accomplished successfully&#xD;
&#xD;
2019-10-18 21:51:34 - [TEST_STEP][PASSED] - request = getInstance().getCurrentRequest(): null&#xD;
&#xD;
2019-10-18 21:51:34 - [TEST_STEP][PASSED] - response = getInstance().getCurrentResponse(): null&#xD;
&#xD;
2019-10-18 21:51:34 - [TEST_STEP][PASSED] - verifyResponseStatusCode(response, 201): Verify response status code successfully&#xD;
&#xD;
2019-10-18 21:51:34 - [MESSAGE][PASSED] - Verify response status code successfully&#xD;
&#xD;
2019-10-18 21:51:34 - [TEST_STEP][PASSED] - getStatusCode()).isEqualTo(201): null&#xD;
&#xD;
2019-10-18 21:51:34 - [TEST_STEP][PASSED] - verifyElementPropertyValue(response, "job", "leader"): Verify element property value successfully&#xD;
&#xD;
2019-10-18 21:51:34 - [MESSAGE][PASSED] - Verify element property value successfully&#xD;
&#xD;
2019-10-18 21:51:34 - [MESSAGE][PASSED] - Verify response successfully&#xD;
&#xD;
2019-10-18 21:51:34 - [MESSAGE][PASSED] - Send request and verify the response successfully</system-out>
            <system-err></system-err>
        </testcase>
        <system-out>2019-10-18 21:51:24 - [TEST_SUITE][INCOMPLETE] - API Service Test Suite: null</system-out>
        <system-err>2019-10-18 21:51:24 - [TEST_SUITE][INCOMPLETE] - API Service Test Suite: null</system-err>
    </testsuite>
</testsuites>
