<?xml version="1.0" encoding="UTF-8" standalone="yes"?>
<testsuites name="Data Driven Test Suite" time="5" tests="4" failures="0" errors="0">
    <testsuite name="Data Driven Test Suite" tests="4" failures="0" errors="0" time="5" timestamp="2019-10-18 22:15:26" hostname="BaPpY - 192.168.0.108" id="Test Suites/REST API Web Service Data Driven Test Suites/Data Driven Test Suite">
        <properties>
            <property name="deviceName" value=""/>
            <property name="devicePlatform" value=""/>
            <property name="logFolder" value="G:\\Katalon Studio\\Katalon Workspace\\REST API Web Services Example\\Reports\\20191018_221523\\REST API Web Service Data Driven Test Suites\\Data Driven Test Suite\\20191018_221523"/>
            <property name="logFiles" value="G:\\Katalon Studio\\Katalon Workspace\\REST API Web Services Example\\Reports\\20191018_221523\\REST API Web Service Data Driven Test Suites\\Data Driven Test Suite\\20191018_221523\\execution0.log"/>
            <property name="attachments" value=""/>
            <property name="hostName" value="BaPpY - 192.168.0.108"/>
            <property name="hostAddress" value="192.168.0.108"/>
            <property name="os" value="Windows 10 64bit"/>
            <property name="katalonVersion" value="6.3.3.11"/>
        </properties>
        <testcase name="Test Cases/REST API/Data Driven API Test Case" classname="Test Cases/REST API/Data Driven API Test Case" status="PASSED">
            <system-out>2019-10-18 22:15:26 - [TEST_CASE][PASSED] - Test Cases/REST API/Data Driven API Test Case: Test Cases/REST API/Data Driven API Test Case&#xD;
&#xD;
2019-10-18 22:15:27 - [TEST_STEP][PASSED] - println("User Name : " + userName): null&#xD;
&#xD;
2019-10-18 22:15:27 - [TEST_STEP][PASSED] - sendRequest(findTestObject("REST API Web Service/Create User", ["userName":userName])): Send request successfully&#xD;
&#xD;
2019-10-18 22:15:29 - [MESSAGE][INFO] - HAR: G:\Katalon Studio\Katalon Workspace\REST API Web Services Example\Reports\20191018_221523\REST API Web Service Data Driven Test Suites\Data Driven Test Suite\20191018_221523\requests\main\0.har&#xD;
&#xD;
2019-10-18 22:15:29 - [MESSAGE][PASSED] - Send request successfully</system-out>
            <system-err></system-err>
        </testcase>
        <testcase name="Test Cases/REST API/Data Driven API Test Case" classname="Test Cases/REST API/Data Driven API Test Case" status="PASSED">
            <system-out>2019-10-18 22:15:29 - [TEST_CASE][PASSED] - Test Cases/REST API/Data Driven API Test Case: Test Cases/REST API/Data Driven API Test Case&#xD;
&#xD;
2019-10-18 22:15:29 - [TEST_STEP][PASSED] - println("User Name : " + userName): null&#xD;
&#xD;
2019-10-18 22:15:29 - [TEST_STEP][PASSED] - sendRequest(findTestObject("REST API Web Service/Create User", ["userName":userName])): Send request successfully&#xD;
&#xD;
2019-10-18 22:15:30 - [MESSAGE][INFO] - HAR: G:\Katalon Studio\Katalon Workspace\REST API Web Services Example\Reports\20191018_221523\REST API Web Service Data Driven Test Suites\Data Driven Test Suite\20191018_221523\requests\main\1.har&#xD;
&#xD;
2019-10-18 22:15:30 - [MESSAGE][PASSED] - Send request successfully</system-out>
            <system-err></system-err>
        </testcase>
        <testcase name="Test Cases/REST API/Data Driven API Test Case" classname="Test Cases/REST API/Data Driven API Test Case" status="PASSED">
            <system-out>2019-10-18 22:15:30 - [TEST_CASE][PASSED] - Test Cases/REST API/Data Driven API Test Case: Test Cases/REST API/Data Driven API Test Case&#xD;
&#xD;
2019-10-18 22:15:30 - [TEST_STEP][PASSED] - println("User Name : " + userName): null&#xD;
&#xD;
2019-10-18 22:15:30 - [TEST_STEP][PASSED] - sendRequest(findTestObject("REST API Web Service/Create User", ["userName":userName])): Send request successfully&#xD;
&#xD;
2019-10-18 22:15:31 - [MESSAGE][INFO] - HAR: G:\Katalon Studio\Katalon Workspace\REST API Web Services Example\Reports\20191018_221523\REST API Web Service Data Driven Test Suites\Data Driven Test Suite\20191018_221523\requests\main\2.har&#xD;
&#xD;
2019-10-18 22:15:31 - [MESSAGE][PASSED] - Send request successfully</system-out>
            <system-err></system-err>
        </testcase>
        <testcase name="Test Cases/REST API/Data Driven API Test Case" classname="Test Cases/REST API/Data Driven API Test Case" status="PASSED">
            <system-out>2019-10-18 22:15:31 - [TEST_CASE][PASSED] - Test Cases/REST API/Data Driven API Test Case: Test Cases/REST API/Data Driven API Test Case&#xD;
&#xD;
2019-10-18 22:15:31 - [TEST_STEP][PASSED] - println("User Name : " + userName): null&#xD;
&#xD;
2019-10-18 22:15:31 - [TEST_STEP][PASSED] - sendRequest(findTestObject("REST API Web Service/Create User", ["userName":userName])): Send request successfully&#xD;
&#xD;
2019-10-18 22:15:32 - [MESSAGE][INFO] - HAR: G:\Katalon Studio\Katalon Workspace\REST API Web Services Example\Reports\20191018_221523\REST API Web Service Data Driven Test Suites\Data Driven Test Suite\20191018_221523\requests\main\3.har&#xD;
&#xD;
2019-10-18 22:15:32 - [MESSAGE][PASSED] - Send request successfully</system-out>
            <system-err></system-err>
        </testcase>
        <system-out>2019-10-18 22:15:26 - [TEST_SUITE][INCOMPLETE] - Data Driven Test Suite: null</system-out>
        <system-err>2019-10-18 22:15:26 - [TEST_SUITE][INCOMPLETE] - Data Driven Test Suite: null</system-err>
    </testsuite>
</testsuites>
